Checking whether the ASM compiler is GNU using "--version" did not match "(GNU assembler)|(GCC)|(Free Software Foundation)":
Microsoft (R) C/C++ Optimizing Compiler versione 19.29.30136 per x86
Copyright (C) Microsoft Corporation. Tutti i diritti  sono riservati.

cl : warning della riga di comando D9002 : l'opzione sconosciuta '--version' verrà ignorata
cl : error della riga di comando D8003 : nome del file di origine mancante
Checking whether the ASM compiler is Clang using "--version" did not match "(clang version)":
Microsoft (R) C/C++ Optimizing Compiler versione 19.29.30136 per x86
Copyright (C) Microsoft Corporation. Tutti i diritti  sono riservati.

cl : warning della riga di comando D9002 : l'opzione sconosciuta '--version' verrà ignorata
cl : error della riga di comando D8003 : nome del file di origine mancante
Checking whether the ASM compiler is AppleClang using "--version" did not match "(Apple LLVM version)":
Microsoft (R) C/C++ Optimizing Compiler versione 19.29.30136 per x86
Copyright (C) Microsoft Corporation. Tutti i diritti  sono riservati.

cl : warning della riga di comando D9002 : l'opzione sconosciuta '--version' verrà ignorata
cl : error della riga di comando D8003 : nome del file di origine mancante
Checking whether the ASM compiler is ARMClang using "--version" did not match "armclang":
Microsoft (R) C/C++ Optimizing Compiler versione 19.29.30136 per x86
Copyright (C) Microsoft Corporation. Tutti i diritti  sono riservati.

cl : warning della riga di comando D9002 : l'opzione sconosciuta '--version' verrà ignorata
cl : error della riga di comando D8003 : nome del file di origine mancante
Checking whether the ASM compiler is HP using "-V" did not match "HP C":
Microsoft (R) C/C++ Optimizing Compiler versione 19.29.30136 per x86
Copyright (C) Microsoft Corporation. Tutti i diritti  sono riservati.

cl : error della riga di comando D8004 : '/V' richiede un argomento
Checking whether the ASM compiler is Intel using "--version" did not match "(ICC)":
Microsoft (R) C/C++ Optimizing Compiler versione 19.29.30136 per x86
Copyright (C) Microsoft Corporation. Tutti i diritti  sono riservati.

cl : warning della riga di comando D9002 : l'opzione sconosciuta '--version' verrà ignorata
cl : error della riga di comando D8003 : nome del file di origine mancante
Checking whether the ASM compiler is IntelLLVM using "--version" did not match "(Intel[^
]+oneAPI)":
Microsoft (R) C/C++ Optimizing Compiler versione 19.29.30136 per x86
Copyright (C) Microsoft Corporation. Tutti i diritti  sono riservati.

cl : warning della riga di comando D9002 : l'opzione sconosciuta '--version' verrà ignorata
cl : error della riga di comando D8003 : nome del file di origine mancante
Checking whether the ASM compiler is SunPro using "-V" did not match "Sun C":
Microsoft (R) C/C++ Optimizing Compiler versione 19.29.30136 per x86
Copyright (C) Microsoft Corporation. Tutti i diritti  sono riservati.

cl : error della riga di comando D8004 : '/V' richiede un argomento
Checking whether the ASM compiler is XL using "-qversion" did not match "XL C":
Microsoft (R) C/C++ Optimizing Compiler versione 19.29.30136 per x86
Copyright (C) Microsoft Corporation. Tutti i diritti  sono riservati.

cl : warning della riga di comando D9002 : l'opzione sconosciuta '-qversion' verrà ignorata
cl : error della riga di comando D8003 : nome del file di origine mancante
